TN:
SF:src/auth/middleware/acl.js
FN:3,(anonymous_0)
FN:5,(anonymous_1)
FNF:2
FNH:0
FNDA:0,(anonymous_0)
FNDA:0,(anonymous_1)
DA:3,1
DA:5,0
DA:7,0
DA:8,0
DA:9,0
DA:12,0
DA:15,0
LF:7
LH:1
BRDA:8,0,0,0
BRDA:8,0,1,0
BRF:2
BRH:0
end_of_record
TN:
SF:src/auth/middleware/basic-auth.js
FN:6,(anonymous_0)
FN:20,_authError
FNF:2
FNH:2
FNDA:2,(anonymous_0)
FNDA:1,_authError
DA:3,1
DA:4,1
DA:6,1
DA:8,2
DA:10,2
DA:11,2
DA:13,2
DA:14,2
DA:15,1
DA:17,1
DA:21,1
LF:11
LH:11
BRDA:8,0,0,0
BRDA:8,0,1,2
BRF:2
BRH:1
end_of_record
TN:
SF:src/auth/middleware/bearer-auth.js
FN:5,(anonymous_0)
FN:21,_authError
FNF:2
FNH:0
FNDA:0,(anonymous_0)
FNDA:0,_authError
DA:3,1
DA:5,1
DA:7,0
DA:9,0
DA:11,0
DA:12,0
DA:13,0
DA:14,0
DA:15,0
DA:18,0
DA:22,0
LF:11
LH:2
BRDA:9,0,0,0
BRDA:9,0,1,0
BRF:2
BRH:0
end_of_record
TN:
SF:src/auth/models/data-collection.js
FN:5,(anonymous_0)
FN:9,(anonymous_1)
FN:18,(anonymous_2)
FN:22,(anonymous_3)
FN:24,(anonymous_4)
FN:27,(anonymous_5)
FNF:6
FNH:1
FNDA:6,(anonymous_0)
FNDA:0,(anonymous_1)
FNDA:0,(anonymous_2)
FNDA:0,(anonymous_3)
FNDA:0,(anonymous_4)
FNDA:0,(anonymous_5)
DA:6,6
DA:10,0
DA:11,0
DA:14,0
DA:19,0
DA:23,0
DA:24,0
DA:28,0
DA:33,3
LF:9
LH:2
BRDA:10,0,0,0
BRDA:10,0,1,0
BRF:2
BRH:0
end_of_record
TN:
SF:src/auth/models/index.js
FNF:0
FNH:0
DA:3,3
DA:4,3
DA:5,3
DA:6,3
DA:8,3
DA:10,3
DA:12,3
DA:13,3
DA:14,3
DA:16,3
LF:10
LH:10
BRDA:10,0,0,3
BRDA:10,0,1,3
BRF:2
BRH:2
end_of_record
TN:
SF:src/auth/models/clothes/clothes.js
FN:3,(anonymous_0)
FNF:1
FNH:1
FNDA:3,(anonymous_0)
DA:3,3
DA:9,3
LF:2
LH:2
BRF:0
BRH:0
end_of_record
TN:
SF:src/auth/models/food/food.js
FN:3,(anonymous_0)
FNF:1
FNH:1
FNDA:3,(anonymous_0)
DA:3,3
DA:9,3
LF:2
LH:2
BRF:0
BRH:0
end_of_record
TN:
SF:src/auth/models/users/users.js
FN:8,(anonymous_0)
FN:15,(anonymous_1)
FN:18,(anonymous_2)
FN:25,(anonymous_3)
FN:37,(anonymous_4)
FN:42,(anonymous_5)
FN:49,(anonymous_6)
FNF:7
FNH:3
FNDA:3,(anonymous_0)
FNDA:0,(anonymous_1)
FNDA:0,(anonymous_2)
FNDA:0,(anonymous_3)
FNDA:2,(anonymous_4)
FNDA:2,(anonymous_5)
FNDA:0,(anonymous_6)
DA:3,3
DA:4,3
DA:6,3
DA:8,3
DA:9,3
DA:16,0
DA:19,0
DA:20,0
DA:26,0
DA:32,0
DA:37,3
DA:38,2
DA:39,2
DA:42,3
DA:43,2
DA:44,2
DA:45,1
DA:46,0
DA:49,3
DA:50,0
DA:51,0
DA:52,0
DA:53,0
DA:54,0
DA:56,0
DA:60,3
DA:63,3
LF:27
LH:15
BRDA:6,0,0,3
BRDA:6,0,1,2
BRDA:45,1,0,1
BRDA:45,1,1,0
BRDA:53,2,0,0
BRDA:53,2,1,0
BRF:6
BRH:3
end_of_record
